<?xml version="1.0" encoding="UTF-8"?>
<testng-results ignored="0" total="3" passed="3" failed="0" skipped="0">
  <reporter-output>
    <line>
      <![CDATA[hello pytrhion ]]>
    </line>
    <line>
      <![CDATA[hello seleium ]]>
    </line>
    <line>
      <![CDATA[hello ]]>
    </line>
  </reporter-output>
  <suite started-at="2021-10-01T14:49:44 IST" name="Suite" finished-at="2021-10-01T14:49:44 IST" duration-ms="53">
    <groups>
    </groups>
    <test started-at="2021-10-01T14:49:44 IST" name="Test" finished-at="2021-10-01T14:49:44 IST" duration-ms="53">
      <class name="demo.test2">
        <test-method signature="tc1()[pri:0, instance:demo.test2@15ca7889]" started-at="2021-10-01T14:49:44 IST" name="tc1" finished-at="2021-10-01T14:49:44 IST" duration-ms="8" status="PASS">
          <reporter-output>
            <line>
              <![CDATA[hello pytrhion ]]>
            </line>
          </reporter-output>
        </test-method> <!-- tc1 -->
      </class> <!-- demo.test2 -->
      <class name="demo.test1">
        <test-method signature="tc1()[pri:0, instance:demo.test1@7a675056]" started-at="2021-10-01T14:49:44 IST" name="tc1" finished-at="2021-10-01T14:49:44 IST" duration-ms="1" status="PASS">
          <reporter-output>
            <line>
              <![CDATA[hello seleium ]]>
            </line>
          </reporter-output>
        </test-method> <!-- tc1 -->
      </class> <!-- demo.test1 -->
      <class name="demo.test0">
        <test-method signature="tc1()[pri:0, instance:demo.test0@d21a74c]" started-at="2021-10-01T14:49:44 IST" name="tc1" finished-at="2021-10-01T14:49:44 IST" duration-ms="3" status="PASS">
          <reporter-output>
            <line>
              <![CDATA[hello ]]>
            </line>
          </reporter-output>
        </test-method> <!-- tc1 -->
      </class> <!-- demo.test0 -->
    </test> <!-- Test -->
  </suite> <!-- Suite -->
</testng-results>
